<?xml version="1.0" encoding="UTF-8"?>
<!-- Generated by org.testng.reporters.JUnitXMLReporter -->
<testsuite ignored="0" hostname="Krishna_Lenovo" failures="0" tests="3" name="Test" time="16.184" errors="0" timestamp="2024-08-16T18:16:17 IST">
  <testcase classname="com.qa.seleniumgrid.docker.CrossbrowserTestchrome" name="testOne" time="2.461"/>
  <testcase classname="com.qa.seleniumgrid.docker.CrossbrowserTestfirefox" name="testOne" time="2.095"/>
  <testcase classname="com.qa.seleniumgrid.docker.CrossbrowserTestedge" name="testOne" time="2.638"/>
</testsuite> <!-- Test -->
